|SourceProjectName:HubSpot1.hpr
|DestinationProjectName:index.htm
whhost.js
whmsg.js
whmozemu.js
whproxy.js
whstub.js
whutils.js
whver.js
whform.js
whphost.js
whstart.js
whtopic.js
whframes.js
whlang.js
XmlReadHelper.js
whskin_info.htm
whskin_blank.htm
whskin_pickup.htm
whskin_homepage.htm
whskin_tw.htm
whnjs.htm
whthost.js
whtdhtml.htm
whihost.js
whibody.htm
whiform.htm
whfhost.js
whfbody.htm
whfform.htm
whghost.js
whgbody.htm
whgdhtml.htm
whgdef.htm
whproj.js
whproj.xml
whproj.htm
whxdata\whtoc.xml
whxdata\whidx.xml
whxdata\whglo.xml
whdata\whtoc.js
whdata\whtoc.htm
whdata\whtdata.js
whdata\whidx.js
whdata\whidx.htm
whdata\whidata.js
whdata\whglo.js
whdata\whglo.htm
whdata\whgdata.js
resource\resource.xml
whbrs.xml
whres.xml
whgdata\whnvp30.htm
whgdata\whnvp31.htm
whgdata\whnvp32.htm
whgdata\whnvp33.htm
whgdata\whnvt30.htm
whgdata\whnvt31.htm
whgdata\whnvt32.htm
whgdata\whnvt33.htm
whgdata\whnvf30.htm
whgdata\whnvf31.htm
whgdata\whnvf32.htm
whgdata\whnvf33.htm
whgdata\whnvl31.htm
whgdata\whnvl32.htm
whgdata\whnvl33.htm
whgdata\whexpbar.gif
cshdat_webhelp.htm
whcsh_home.htm
whcshdata.htm
cshdat_robohelp.htm
wht_tab0.gif
wht_tab1.gif
wht_tab2.gif
wht_tab3.gif
wht_tab4.gif
wht_tab5.gif
wht_tab6.gif
wht_tab7.gif
wht_tab8.gif
wht_glo_h.gif
wht_glo_n.gif
wht_fts_h.gif
wht_fts_n.gif
wht_idx_h.gif
wht_idx_n.gif
wht_toc_h.gif
wht_toc_n.gif
wht_ws.gif
wht_ws_g.gif
wht_logo1.gif
wht_logo2.gif
wht_abgw.jpg
wht_abgi.jpg
wht_abge.jpg
wht_abtw.jpg
wht_abte.jpg
wht_abti.jpg
wht_spac.gif
wht_next.gif
wht_next_g.gif
wht_prev.gif
wht_prev_g.gif
wht_sync.gif
wht_hide.gif
wht_go.gif
whstart.ico
whestart.ico
whrstart.ico
whidhtml.htm
whfdhtml.htm
whskin_banner.htm
whtbar.js
whskin_pdhtml.htm
whskin_plist.htm
whskin_tbars.htm
whskin_mbars.htm
wht_toc4.gif
wht_toc1.gif
wht_toc2.gif
wht_toc3.gif
whskin_frmset010.htm
whst_topics.xml
whskin_frmset01.htm
index_hha.hhk
index.hhc
index.hhk
HubSPot\Company.htm
HubSPot\Contacts.htm
HubSPot\Conversation.htm
HubSPot\Deals.htm
HubSPot\Feed.htm
HubSPot\First_Topic.htm
HubSPot\Getting_Started.htm
HubSPot\Home.htm
HubSPot\Marketing_e-mail.htm
HubSPot\Segments.htm
HubSPot\Tickets.htm
index.glo
default.css
HubSPot\Images\Date.jpeg
HubSPot\Images\Channel.jpeg
HubSPot\Images\Access7.jpeg
HubSPot\Images\set-up_e-mails1.jpeg
HubSPot\Images\3.jpeg
HubSPot\Images\Status.jpeg
HubSPot\Images\Priority.jpeg
HubSPot\Images\Email_Clicks.jpeg
HubSPot\Images\Form_submission.jpeg
HubSPot\Images\2.jpeg
HubSPot\Images\SMS.jpeg
HubSPot\Images\Draft.jpeg
HubSPot\Images\Create_ticket.jpeg
HubSPot\Images\Deals.jpeg
HubSPot\Images\1.jpeg
HubSPot\Images\Object_type.jpeg
HubSPot\Images\Pipelines.jpeg
HubSPot\Images\Create_date.jpeg
HubSPot\Images\Associate_with.jpeg
HubSPot\Images\(Add_to_view)(Add_to_prioroty).jpeg
HubSPot\Images\All_views.jpeg
HubSPot\Images\Assigned_to_me.jpeg
HubSPot\Images\Segments.jpeg
HubSPot\Images\Sent.jpeg
HubSPot\Images\Ticket_owner.jpeg
HubSPot\Images\Create_Deals.jpeg
HubSPot\Images\List_of_contacts.jpeg
HubSPot\Images\Gmail5.jpeg
HubSPot\Images\Next4.jpeg
HubSPot\Images\Add_views.jpeg
HubSPot\Images\Document_View.jpeg
HubSPot\Images\Bell_icon.jpeg
HubSPot\Images\transcript_All.jpeg
HubSPot\Images\Continue6.jpeg
HubSPot\Images\All_contacts.jpeg
HubSPot\Images\Close_date.jpeg
HubSPot\Images\Email_Replies.jpeg
HubSPot\Images\Contacts.jpeg
HubSPot\Images\WhatsApp_Image_2025-12-06_at_6.47.09_PM.jpeg
HubSPot\Images\Search_bar.jpeg
HubSPot\Images\Dashboard.jpeg
HubSPot\Images\Scheduled.jpeg
HubSPot\Images\All_emails-_Mktg..jpeg
HubSPot\Images\Sent_Emails.jpeg
HubSPot\Images\Mktg_email.jpeg
HubSPot\Images\Create_e-mail.jpeg
HubSPot\Images\create_company.jpeg
HubSPot\Images\Choose_views.jpeg
HubSPot\Images\Feed.jpeg
HubSPot\Images\Calls.jpeg
HubSPot\Images\Last_activity_date_-_company.jpeg
HubSPot\Images\Deals1.jpeg
HubSPot\Images\Meetings.jpeg
HubSPot\Images\Needs_Attention.jpeg
HubSPot\Images\(To-Do)(Date-Time).jpeg
HubSPot\Images\Sign_up.jpeg
HubSPot\Images\Menu2.jpeg
HubSPot\Images\Phone_or_HubSpot.jpeg
HubSPot\Images\Connect3.jpeg
HubSPot\Images\Associate_Deal.jpeg
HubSPot\Images\New_visitor_session.jpeg
HubSPot\Images\Task-Title.jpeg
HubSPot\Images\HubSpot-Emblem.png
HubSPot\Images\Date_Conversation.jpeg
HubSPot\Images\Add_ticket.jpeg
HubSPot\Images\Add_company.jpeg
HubSPot\Images\Contact_name.jpeg
HubSPot\Images\Settings.jpeg
HubSPot\Images\e-mail_button.jpeg
HubSPot\Images\Add_contatc.jpeg
HubSPot\Images\Last_activity_date.jpeg
HubSPot\Images\Engagement_Rates.jpeg
HubSPot\Images\Tickets.jpeg
HubSPot\Images\HubSpot-Playstore.jpeg
HubSPot\Images\Contact-Conversation.jpeg
HubSPot\Images\Call_method.jpeg
HubSPot\Images\Forms.jpeg
HubSPot\Images\All_views_-_conversation.jpeg
HubSPot\Images\Calling.jpeg
HubSPot\Images\All_campaigns.jpeg
HubSPot\Images\Sign-in2.jpeg
HubSPot\Images\All_tickets.jpeg
HubSPot\Images\Create_contact.jpeg
HubSPot\Images\All_Companies.jpeg
HubSPot\Images\Deal_owner.jpeg
HubSPot\Images\Lead_Visits.jpeg
HubSPot\Images\Emails_Sent-Opened.jpeg
HubSPot\Images\Company.jpeg
HubSPot\Images\5.jpeg
HubSPot\Images\Assignee.jpeg
HubSPot\Images\Unaasigned.jpeg
HubSPot\Images\Users_&_Teams.jpeg
HubSPot\Images\Lead_Status_-_Company.jpeg
HubSPot\Images\Prospect_Visits.jpeg
HubSPot\Images\Email_Opens.jpeg
HubSPot\Images\Assign_to.jpeg
HubSPot\Images\Contact_owner.jpeg
HubSPot\Images\Company_owner_.jpeg
HubSPot\Images\Add_Deals.jpeg
HubSPot\Images\4.jpeg
ehlpdhtm.js
SearchOptions.xml
RoboHHRE.lng
index.ppf
whxdata\package_0.xml
whxdata\package_1.xml
whxdata\package_2.xml
whxdata\package_3.xml
whxdata\package_4.xml
whxdata\packageindex.xml
whxdata\synonym.xml
whxdata\topictable_0.xml
whxdata\topictableindex.xml
whxdata\whfts.xml
whxdata\whtdata0.xml
whxdata\whgdata0.xml
whdata\whtdata0.htm
whdata\whgdata0.htm
whgdata\whlstt0.htm
whgdata\whlstt1.htm
whgdata\whlsti0.htm
whgdata\whlstfl0.htm
whgdata\whlstfl1.htm
whgdata\whlstfl2.htm
whgdata\whlstfl3.htm
whgdata\whlstfl4.htm
whgdata\whlstfl5.htm
whgdata\whlstfl6.htm
whgdata\whlstfl7.htm
whgdata\whlstfl8.htm
whgdata\whlstfl9.htm
whgdata\whlstfl10.htm
whgdata\whlstfl11.htm
whgdata\whlstfl12.htm
whgdata\whlstfl13.htm
whgdata\whlstfl14.htm
whgdata\whlstfl15.htm
whgdata\whlstfl16.htm
whgdata\whlstfl17.htm
whgdata\whlstfl18.htm
whgdata\whlstfl19.htm
whgdata\whlstfl20.htm
whgdata\whlstfl21.htm
whgdata\whlstf0.htm
whgdata\whlstf1.htm
whgdata\whlstf2.htm
whgdata\whlstf3.htm
whgdata\whlstf4.htm
whgdata\whlstg0.htm
index.htm
index_csh.htm
index_rhc.htm
